<?xml version="1.0" encoding="UTF-8"?>
<!-- Generated by org.testng.reporters.JUnitReportReporter -->
<testsuite skipped="0" hostname="apples-MBP-2261" name="com.automation.Test.webAutomation.landingpage.TC01_verifyinvalidLoginUser" tests="1" failures="0" timestamp="06 Mar 2018 14:20:50 GMT" time="5.411" errors="0">
  <testcase name="verifyinvalidLoginUser" time="5.411" classname="com.automation.Test.webAutomation.landingpage.TC01_verifyinvalidLoginUser"/>
</testsuite> <!-- com.automation.Test.webAutomation.landingpage.TC01_verifyinvalidLoginUser -->
